2024-08-10 12:40:38,974 - newspaper.network - INFO - Using requests library for http requests (alternative cloudscraper library is recommended for bypassing Cloudflare protection)
2024-08-10 12:40:39,017 - newsplease.pipeline.extractor.article_extractor - INFO - Extractor initialized: newspaper_extractor
2024-08-10 12:40:39,026 - newsplease.pipeline.extractor.article_extractor - INFO - Extractor initialized: readability_extractor
2024-08-10 12:40:39,028 - newsplease.pipeline.extractor.article_extractor - INFO - Extractor initialized: date_extractor
2024-08-10 12:40:39,040 - newsplease.pipeline.extractor.article_extractor - INFO - Extractor initialized: lang_detect_extractor
2024-08-10 12:40:41,878 - newsplease.pipeline.extractor.article_extractor - INFO - Extractor initialized: newspaper_extractor
2024-08-10 12:40:41,878 - newsplease.pipeline.extractor.article_extractor - INFO - Extractor initialized: readability_extractor
2024-08-10 12:40:41,878 - newsplease.pipeline.extractor.article_extractor - INFO - Extractor initialized: date_extractor
2024-08-10 12:40:41,878 - newsplease.pipeline.extractor.article_extractor - INFO - Extractor initialized: lang_detect_extractor
2024-08-10 12:42:01,607 - newsplease.pipeline.extractor.article_extractor - INFO - Extractor initialized: newspaper_extractor
2024-08-10 12:42:01,608 - newsplease.pipeline.extractor.article_extractor - INFO - Extractor initialized: readability_extractor
2024-08-10 12:42:01,608 - newsplease.pipeline.extractor.article_extractor - INFO - Extractor initialized: date_extractor
2024-08-10 12:42:01,608 - newsplease.pipeline.extractor.article_extractor - INFO - Extractor initialized: lang_detect_extractor
2024-08-10 12:42:13,471 - newsplease.pipeline.extractor.article_extractor - INFO - Extractor initialized: newspaper_extractor
2024-08-10 12:42:13,471 - newsplease.pipeline.extractor.article_extractor - INFO - Extractor initialized: readability_extractor
2024-08-10 12:42:13,471 - newsplease.pipeline.extractor.article_extractor - INFO - Extractor initialized: date_extractor
2024-08-10 12:42:13,471 - newsplease.pipeline.extractor.article_extractor - INFO - Extractor initialized: lang_detect_extractor
2024-08-10 12:43:16,471 - newsplease.pipeline.extractor.article_extractor - INFO - Extractor initialized: newspaper_extractor
2024-08-10 12:43:16,471 - newsplease.pipeline.extractor.article_extractor - INFO - Extractor initialized: readability_extractor
2024-08-10 12:43:16,471 - newsplease.pipeline.extractor.article_extractor - INFO - Extractor initialized: date_extractor
2024-08-10 12:43:16,472 - newsplease.pipeline.extractor.article_extractor - INFO - Extractor initialized: lang_detect_extractor
2024-08-10 12:43:18,715 - newsplease.pipeline.extractor.article_extractor - INFO - Extractor initialized: newspaper_extractor
2024-08-10 12:43:18,715 - newsplease.pipeline.extractor.article_extractor - INFO - Extractor initialized: readability_extractor
2024-08-10 12:43:18,715 - newsplease.pipeline.extractor.article_extractor - INFO - Extractor initialized: date_extractor
2024-08-10 12:43:18,715 - newsplease.pipeline.extractor.article_extractor - INFO - Extractor initialized: lang_detect_extractor
2024-08-10 12:44:45,603 - newsplease.pipeline.extractor.article_extractor - INFO - Extractor initialized: newspaper_extractor
2024-08-10 12:44:45,603 - newsplease.pipeline.extractor.article_extractor - INFO - Extractor initialized: readability_extractor
2024-08-10 12:44:45,603 - newsplease.pipeline.extractor.article_extractor - INFO - Extractor initialized: date_extractor
2024-08-10 12:44:45,603 - newsplease.pipeline.extractor.article_extractor - INFO - Extractor initialized: lang_detect_extractor
2024-08-10 12:44:48,377 - newsplease.pipeline.extractor.article_extractor - INFO - Extractor initialized: newspaper_extractor
2024-08-10 12:44:48,377 - newsplease.pipeline.extractor.article_extractor - INFO - Extractor initialized: readability_extractor
2024-08-10 12:44:48,377 - newsplease.pipeline.extractor.article_extractor - INFO - Extractor initialized: date_extractor
2024-08-10 12:44:48,377 - newsplease.pipeline.extractor.article_extractor - INFO - Extractor initialized: lang_detect_extractor
2024-08-10 12:45:02,391 - newsplease.pipeline.extractor.article_extractor - INFO - Extractor initialized: newspaper_extractor
2024-08-10 12:45:02,391 - newsplease.pipeline.extractor.article_extractor - INFO - Extractor initialized: readability_extractor
2024-08-10 12:45:02,391 - newsplease.pipeline.extractor.article_extractor - INFO - Extractor initialized: date_extractor
2024-08-10 12:45:02,392 - newsplease.pipeline.extractor.article_extractor - INFO - Extractor initialized: lang_detect_extractor
2024-08-10 12:45:05,701 - newsplease.pipeline.extractor.article_extractor - INFO - Extractor initialized: newspaper_extractor
2024-08-10 12:45:05,701 - newsplease.pipeline.extractor.article_extractor - INFO - Extractor initialized: readability_extractor
2024-08-10 12:45:05,701 - newsplease.pipeline.extractor.article_extractor - INFO - Extractor initialized: date_extractor
2024-08-10 12:45:05,701 - newsplease.pipeline.extractor.article_extractor - INFO - Extractor initialized: lang_detect_extractor
2024-08-10 12:46:20,105 - newsplease.pipeline.extractor.article_extractor - INFO - Extractor initialized: newspaper_extractor
2024-08-10 12:46:20,105 - newsplease.pipeline.extractor.article_extractor - INFO - Extractor initialized: readability_extractor
2024-08-10 12:46:20,105 - newsplease.pipeline.extractor.article_extractor - INFO - Extractor initialized: date_extractor
2024-08-10 12:46:20,105 - newsplease.pipeline.extractor.article_extractor - INFO - Extractor initialized: lang_detect_extractor
2024-08-10 12:48:09,082 - newsplease.pipeline.extractor.article_extractor - INFO - Extractor initialized: newspaper_extractor
2024-08-10 12:48:09,082 - newsplease.pipeline.extractor.article_extractor - INFO - Extractor initialized: readability_extractor
2024-08-10 12:48:09,082 - newsplease.pipeline.extractor.article_extractor - INFO - Extractor initialized: date_extractor
2024-08-10 12:48:09,082 - newsplease.pipeline.extractor.article_extractor - INFO - Extractor initialized: lang_detect_extractor
2024-08-10 12:48:50,559 - newsplease.pipeline.extractor.article_extractor - INFO - Extractor initialized: newspaper_extractor
2024-08-10 12:48:50,560 - newsplease.pipeline.extractor.article_extractor - INFO - Extractor initialized: readability_extractor
2024-08-10 12:48:50,560 - newsplease.pipeline.extractor.article_extractor - INFO - Extractor initialized: date_extractor
2024-08-10 12:48:50,560 - newsplease.pipeline.extractor.article_extractor - INFO - Extractor initialized: lang_detect_extractor
2024-08-10 12:51:14,002 - newsplease.pipeline.extractor.article_extractor - INFO - Extractor initialized: newspaper_extractor
2024-08-10 12:51:14,002 - newsplease.pipeline.extractor.article_extractor - INFO - Extractor initialized: readability_extractor
2024-08-10 12:51:14,002 - newsplease.pipeline.extractor.article_extractor - INFO - Extractor initialized: date_extractor
2024-08-10 12:51:14,002 - newsplease.pipeline.extractor.article_extractor - INFO - Extractor initialized: lang_detect_extractor
2024-08-10 12:53:09,693 - newsplease.pipeline.extractor.article_extractor - INFO - Extractor initialized: newspaper_extractor
2024-08-10 12:53:09,693 - newsplease.pipeline.extractor.article_extractor - INFO - Extractor initialized: readability_extractor
2024-08-10 12:53:09,693 - newsplease.pipeline.extractor.article_extractor - INFO - Extractor initialized: date_extractor
2024-08-10 12:53:09,693 - newsplease.pipeline.extractor.article_extractor - INFO - Extractor initialized: lang_detect_extractor
2024-08-10 12:58:41,186 - newspaper.network - INFO - Using requests library for http requests (alternative cloudscraper library is recommended for bypassing Cloudflare protection)
2024-08-10 12:58:41,227 - newsplease.pipeline.extractor.article_extractor - INFO - Extractor initialized: newspaper_extractor
2024-08-10 12:58:41,238 - newsplease.pipeline.extractor.article_extractor - INFO - Extractor initialized: readability_extractor
2024-08-10 12:58:41,240 - newsplease.pipeline.extractor.article_extractor - INFO - Extractor initialized: date_extractor
2024-08-10 12:58:41,253 - newsplease.pipeline.extractor.article_extractor - INFO - Extractor initialized: lang_detect_extractor
2024-08-10 12:58:45,085 - newsplease.pipeline.extractor.article_extractor - INFO - Extractor initialized: newspaper_extractor
2024-08-10 12:58:45,086 - newsplease.pipeline.extractor.article_extractor - INFO - Extractor initialized: readability_extractor
2024-08-10 12:58:45,086 - newsplease.pipeline.extractor.article_extractor - INFO - Extractor initialized: date_extractor
2024-08-10 12:58:45,086 - newsplease.pipeline.extractor.article_extractor - INFO - Extractor initialized: lang_detect_extractor
2024-08-10 12:59:17,973 - newsplease.pipeline.extractor.article_extractor - INFO - Extractor initialized: newspaper_extractor
2024-08-10 12:59:17,974 - newsplease.pipeline.extractor.article_extractor - INFO - Extractor initialized: readability_extractor
2024-08-10 12:59:17,974 - newsplease.pipeline.extractor.article_extractor - INFO - Extractor initialized: date_extractor
2024-08-10 12:59:17,974 - newsplease.pipeline.extractor.article_extractor - INFO - Extractor initialized: lang_detect_extractor
2024-08-10 12:59:20,367 - newsplease.pipeline.extractor.article_extractor - INFO - Extractor initialized: newspaper_extractor
2024-08-10 12:59:20,367 - newsplease.pipeline.extractor.article_extractor - INFO - Extractor initialized: readability_extractor
2024-08-10 12:59:20,368 - newsplease.pipeline.extractor.article_extractor - INFO - Extractor initialized: date_extractor
2024-08-10 12:59:20,368 - newsplease.pipeline.extractor.article_extractor - INFO - Extractor initialized: lang_detect_extractor
2024-08-10 12:59:22,842 - newsplease.pipeline.extractor.article_extractor - INFO - Extractor initialized: newspaper_extractor
2024-08-10 12:59:22,843 - newsplease.pipeline.extractor.article_extractor - INFO - Extractor initialized: readability_extractor
2024-08-10 12:59:22,843 - newsplease.pipeline.extractor.article_extractor - INFO - Extractor initialized: date_extractor
2024-08-10 12:59:22,843 - newsplease.pipeline.extractor.article_extractor - INFO - Extractor initialized: lang_detect_extractor
2024-08-10 13:00:34,198 - newsplease.pipeline.extractor.article_extractor - INFO - Extractor initialized: newspaper_extractor
2024-08-10 13:00:34,198 - newsplease.pipeline.extractor.article_extractor - INFO - Extractor initialized: readability_extractor
2024-08-10 13:00:34,199 - newsplease.pipeline.extractor.article_extractor - INFO - Extractor initialized: date_extractor
2024-08-10 13:00:34,199 - newsplease.pipeline.extractor.article_extractor - INFO - Extractor initialized: lang_detect_extractor
2024-08-10 13:00:48,044 - newsplease.pipeline.extractor.article_extractor - INFO - Extractor initialized: newspaper_extractor
2024-08-10 13:00:48,044 - newsplease.pipeline.extractor.article_extractor - INFO - Extractor initialized: readability_extractor
2024-08-10 13:00:48,044 - newsplease.pipeline.extractor.article_extractor - INFO - Extractor initialized: date_extractor
2024-08-10 13:00:48,045 - newsplease.pipeline.extractor.article_extractor - INFO - Extractor initialized: lang_detect_extractor
2024-08-10 13:01:37,102 - newsplease.pipeline.extractor.article_extractor - INFO - Extractor initialized: newspaper_extractor
2024-08-10 13:01:37,102 - newsplease.pipeline.extractor.article_extractor - INFO - Extractor initialized: readability_extractor
2024-08-10 13:01:37,102 - newsplease.pipeline.extractor.article_extractor - INFO - Extractor initialized: date_extractor
2024-08-10 13:01:37,103 - newsplease.pipeline.extractor.article_extractor - INFO - Extractor initialized: lang_detect_extractor
2024-08-10 13:01:39,780 - newsplease.pipeline.extractor.article_extractor - INFO - Extractor initialized: newspaper_extractor
2024-08-10 13:01:39,780 - newsplease.pipeline.extractor.article_extractor - INFO - Extractor initialized: readability_extractor
2024-08-10 13:01:39,780 - newsplease.pipeline.extractor.article_extractor - INFO - Extractor initialized: date_extractor
2024-08-10 13:01:39,781 - newsplease.pipeline.extractor.article_extractor - INFO - Extractor initialized: lang_detect_extractor
2024-08-10 13:01:42,372 - newsplease.pipeline.extractor.article_extractor - INFO - Extractor initialized: newspaper_extractor
2024-08-10 13:01:42,372 - newsplease.pipeline.extractor.article_extractor - INFO - Extractor initialized: readability_extractor
2024-08-10 13:01:42,372 - newsplease.pipeline.extractor.article_extractor - INFO - Extractor initialized: date_extractor
2024-08-10 13:01:42,372 - newsplease.pipeline.extractor.article_extractor - INFO - Extractor initialized: lang_detect_extractor
2024-08-10 13:02:36,544 - newsplease.pipeline.extractor.article_extractor - INFO - Extractor initialized: newspaper_extractor
2024-08-10 13:02:36,545 - newsplease.pipeline.extractor.article_extractor - INFO - Extractor initialized: readability_extractor
2024-08-10 13:02:36,545 - newsplease.pipeline.extractor.article_extractor - INFO - Extractor initialized: date_extractor
2024-08-10 13:02:36,545 - newsplease.pipeline.extractor.article_extractor - INFO - Extractor initialized: lang_detect_extractor
2024-08-10 13:03:53,694 - newsplease.pipeline.extractor.article_extractor - INFO - Extractor initialized: newspaper_extractor
2024-08-10 13:03:53,694 - newsplease.pipeline.extractor.article_extractor - INFO - Extractor initialized: readability_extractor
2024-08-10 13:03:53,694 - newsplease.pipeline.extractor.article_extractor - INFO - Extractor initialized: date_extractor
2024-08-10 13:03:53,694 - newsplease.pipeline.extractor.article_extractor - INFO - Extractor initialized: lang_detect_extractor
2024-08-10 13:03:56,361 - newsplease.pipeline.extractor.article_extractor - INFO - Extractor initialized: newspaper_extractor
2024-08-10 13:03:56,361 - newsplease.pipeline.extractor.article_extractor - INFO - Extractor initialized: readability_extractor
2024-08-10 13:03:56,361 - newsplease.pipeline.extractor.article_extractor - INFO - Extractor initialized: date_extractor
2024-08-10 13:03:56,361 - newsplease.pipeline.extractor.article_extractor - INFO - Extractor initialized: lang_detect_extractor
2024-08-10 13:03:58,932 - newsplease.pipeline.extractor.article_extractor - INFO - Extractor initialized: newspaper_extractor
2024-08-10 13:03:58,933 - newsplease.pipeline.extractor.article_extractor - INFO - Extractor initialized: readability_extractor
2024-08-10 13:03:58,933 - newsplease.pipeline.extractor.article_extractor - INFO - Extractor initialized: date_extractor
2024-08-10 13:03:58,933 - newsplease.pipeline.extractor.article_extractor - INFO - Extractor initialized: lang_detect_extractor
2024-08-10 13:04:35,572 - newsplease.pipeline.extractor.article_extractor - INFO - Extractor initialized: newspaper_extractor
2024-08-10 13:04:35,572 - newsplease.pipeline.extractor.article_extractor - INFO - Extractor initialized: readability_extractor
2024-08-10 13:04:35,572 - newsplease.pipeline.extractor.article_extractor - INFO - Extractor initialized: date_extractor
2024-08-10 13:04:35,573 - newsplease.pipeline.extractor.article_extractor - INFO - Extractor initialized: lang_detect_extractor
2024-08-10 13:04:49,040 - newsplease.pipeline.extractor.article_extractor - INFO - Extractor initialized: newspaper_extractor
2024-08-10 13:04:49,041 - newsplease.pipeline.extractor.article_extractor - INFO - Extractor initialized: readability_extractor
2024-08-10 13:04:49,041 - newsplease.pipeline.extractor.article_extractor - INFO - Extractor initialized: date_extractor
2024-08-10 13:04:49,041 - newsplease.pipeline.extractor.article_extractor - INFO - Extractor initialized: lang_detect_extractor
