2024-08-10 12:53:54,316 - process_data - INFO - Connecting to database at ../data/news_articles.db...
2024-08-10 12:53:54,317 - process_data - INFO - Database connection successful.
2024-08-10 12:53:54,317 - process_data - INFO - Removing rows with URLs containing 'video'...
2024-08-10 12:53:54,327 - process_data - INFO - Removed 331 rows with URLs containing 'video'.
2024-08-10 12:58:41,186 - newspaper.network - INFO - Using requests library for http requests (alternative cloudscraper library is recommended for bypassing Cloudflare protection)
2024-08-10 12:58:41,227 - newsplease.pipeline.extractor.article_extractor - INFO - Extractor initialized: newspaper_extractor
2024-08-10 12:58:41,238 - newsplease.pipeline.extractor.article_extractor - INFO - Extractor initialized: readability_extractor
2024-08-10 12:58:41,240 - newsplease.pipeline.extractor.article_extractor - INFO - Extractor initialized: date_extractor
2024-08-10 12:58:41,253 - newsplease.pipeline.extractor.article_extractor - INFO - Extractor initialized: lang_detect_extractor
2024-08-10 12:58:45,085 - newsplease.pipeline.extractor.article_extractor - INFO - Extractor initialized: newspaper_extractor
2024-08-10 12:58:45,086 - newsplease.pipeline.extractor.article_extractor - INFO - Extractor initialized: readability_extractor
2024-08-10 12:58:45,086 - newsplease.pipeline.extractor.article_extractor - INFO - Extractor initialized: date_extractor
2024-08-10 12:58:45,086 - newsplease.pipeline.extractor.article_extractor - INFO - Extractor initialized: lang_detect_extractor
2024-08-10 12:59:17,973 - newsplease.pipeline.extractor.article_extractor - INFO - Extractor initialized: newspaper_extractor
2024-08-10 12:59:17,974 - newsplease.pipeline.extractor.article_extractor - INFO - Extractor initialized: readability_extractor
2024-08-10 12:59:17,974 - newsplease.pipeline.extractor.article_extractor - INFO - Extractor initialized: date_extractor
2024-08-10 12:59:17,974 - newsplease.pipeline.extractor.article_extractor - INFO - Extractor initialized: lang_detect_extractor
2024-08-10 12:59:20,367 - newsplease.pipeline.extractor.article_extractor - INFO - Extractor initialized: newspaper_extractor
2024-08-10 12:59:20,367 - newsplease.pipeline.extractor.article_extractor - INFO - Extractor initialized: readability_extractor
2024-08-10 12:59:20,368 - newsplease.pipeline.extractor.article_extractor - INFO - Extractor initialized: date_extractor
2024-08-10 12:59:20,368 - newsplease.pipeline.extractor.article_extractor - INFO - Extractor initialized: lang_detect_extractor
2024-08-10 12:59:22,842 - newsplease.pipeline.extractor.article_extractor - INFO - Extractor initialized: newspaper_extractor
2024-08-10 12:59:22,843 - newsplease.pipeline.extractor.article_extractor - INFO - Extractor initialized: readability_extractor
2024-08-10 12:59:22,843 - newsplease.pipeline.extractor.article_extractor - INFO - Extractor initialized: date_extractor
2024-08-10 12:59:22,843 - newsplease.pipeline.extractor.article_extractor - INFO - Extractor initialized: lang_detect_extractor
2024-08-10 13:00:34,198 - newsplease.pipeline.extractor.article_extractor - INFO - Extractor initialized: newspaper_extractor
2024-08-10 13:00:34,198 - newsplease.pipeline.extractor.article_extractor - INFO - Extractor initialized: readability_extractor
2024-08-10 13:00:34,199 - newsplease.pipeline.extractor.article_extractor - INFO - Extractor initialized: date_extractor
2024-08-10 13:00:34,199 - newsplease.pipeline.extractor.article_extractor - INFO - Extractor initialized: lang_detect_extractor
2024-08-10 13:00:48,044 - newsplease.pipeline.extractor.article_extractor - INFO - Extractor initialized: newspaper_extractor
2024-08-10 13:00:48,044 - newsplease.pipeline.extractor.article_extractor - INFO - Extractor initialized: readability_extractor
2024-08-10 13:00:48,044 - newsplease.pipeline.extractor.article_extractor - INFO - Extractor initialized: date_extractor
2024-08-10 13:00:48,045 - newsplease.pipeline.extractor.article_extractor - INFO - Extractor initialized: lang_detect_extractor
2024-08-10 13:01:37,102 - newsplease.pipeline.extractor.article_extractor - INFO - Extractor initialized: newspaper_extractor
2024-08-10 13:01:37,102 - newsplease.pipeline.extractor.article_extractor - INFO - Extractor initialized: readability_extractor
2024-08-10 13:01:37,102 - newsplease.pipeline.extractor.article_extractor - INFO - Extractor initialized: date_extractor
2024-08-10 13:01:37,103 - newsplease.pipeline.extractor.article_extractor - INFO - Extractor initialized: lang_detect_extractor
2024-08-10 13:01:39,780 - newsplease.pipeline.extractor.article_extractor - INFO - Extractor initialized: newspaper_extractor
2024-08-10 13:01:39,780 - newsplease.pipeline.extractor.article_extractor - INFO - Extractor initialized: readability_extractor
2024-08-10 13:01:39,780 - newsplease.pipeline.extractor.article_extractor - INFO - Extractor initialized: date_extractor
2024-08-10 13:01:39,781 - newsplease.pipeline.extractor.article_extractor - INFO - Extractor initialized: lang_detect_extractor
2024-08-10 13:01:42,372 - newsplease.pipeline.extractor.article_extractor - INFO - Extractor initialized: newspaper_extractor
2024-08-10 13:01:42,372 - newsplease.pipeline.extractor.article_extractor - INFO - Extractor initialized: readability_extractor
2024-08-10 13:01:42,372 - newsplease.pipeline.extractor.article_extractor - INFO - Extractor initialized: date_extractor
2024-08-10 13:01:42,372 - newsplease.pipeline.extractor.article_extractor - INFO - Extractor initialized: lang_detect_extractor
2024-08-10 13:02:36,544 - newsplease.pipeline.extractor.article_extractor - INFO - Extractor initialized: newspaper_extractor
2024-08-10 13:02:36,545 - newsplease.pipeline.extractor.article_extractor - INFO - Extractor initialized: readability_extractor
2024-08-10 13:02:36,545 - newsplease.pipeline.extractor.article_extractor - INFO - Extractor initialized: date_extractor
2024-08-10 13:02:36,545 - newsplease.pipeline.extractor.article_extractor - INFO - Extractor initialized: lang_detect_extractor
2024-08-10 13:03:53,694 - newsplease.pipeline.extractor.article_extractor - INFO - Extractor initialized: newspaper_extractor
2024-08-10 13:03:53,694 - newsplease.pipeline.extractor.article_extractor - INFO - Extractor initialized: readability_extractor
2024-08-10 13:03:53,694 - newsplease.pipeline.extractor.article_extractor - INFO - Extractor initialized: date_extractor
2024-08-10 13:03:53,694 - newsplease.pipeline.extractor.article_extractor - INFO - Extractor initialized: lang_detect_extractor
2024-08-10 13:03:56,361 - newsplease.pipeline.extractor.article_extractor - INFO - Extractor initialized: newspaper_extractor
2024-08-10 13:03:56,361 - newsplease.pipeline.extractor.article_extractor - INFO - Extractor initialized: readability_extractor
2024-08-10 13:03:56,361 - newsplease.pipeline.extractor.article_extractor - INFO - Extractor initialized: date_extractor
2024-08-10 13:03:56,361 - newsplease.pipeline.extractor.article_extractor - INFO - Extractor initialized: lang_detect_extractor
2024-08-10 13:03:58,932 - newsplease.pipeline.extractor.article_extractor - INFO - Extractor initialized: newspaper_extractor
2024-08-10 13:03:58,933 - newsplease.pipeline.extractor.article_extractor - INFO - Extractor initialized: readability_extractor
2024-08-10 13:03:58,933 - newsplease.pipeline.extractor.article_extractor - INFO - Extractor initialized: date_extractor
2024-08-10 13:03:58,933 - newsplease.pipeline.extractor.article_extractor - INFO - Extractor initialized: lang_detect_extractor
2024-08-10 13:04:35,572 - newsplease.pipeline.extractor.article_extractor - INFO - Extractor initialized: newspaper_extractor
2024-08-10 13:04:35,572 - newsplease.pipeline.extractor.article_extractor - INFO - Extractor initialized: readability_extractor
2024-08-10 13:04:35,572 - newsplease.pipeline.extractor.article_extractor - INFO - Extractor initialized: date_extractor
2024-08-10 13:04:35,573 - newsplease.pipeline.extractor.article_extractor - INFO - Extractor initialized: lang_detect_extractor
2024-08-10 13:04:49,040 - newsplease.pipeline.extractor.article_extractor - INFO - Extractor initialized: newspaper_extractor
2024-08-10 13:04:49,041 - newsplease.pipeline.extractor.article_extractor - INFO - Extractor initialized: readability_extractor
2024-08-10 13:04:49,041 - newsplease.pipeline.extractor.article_extractor - INFO - Extractor initialized: date_extractor
2024-08-10 13:04:49,041 - newsplease.pipeline.extractor.article_extractor - INFO - Extractor initialized: lang_detect_extractor
